
  File "/scratch/jsong132/Can_LLM_Learn_New_Language/venv/lib64/python3.11/site-packages/transformers/utils/hub.py", line 424, in cached_files
    hf_hub_download(
  File "/scratch/jsong132/Can_LLM_Learn_New_Language/venv/lib64/python3.11/site-packages/huggingface_hub/utils/_validators.py", line 106, in _inner_fn
    validate_repo_id(arg_value)
  File "/scratch/jsong132/Can_LLM_Learn_New_Language/venv/lib64/python3.11/site-packages/huggingface_hub/utils/_validators.py", line 154, in validate_repo_id
    raise HFValidationError(
huggingface_hub.errors.HFValidationError: Repo id must be in the form 'repo_name' or 'namespace/repo_name': '/scratch/jsong132/Can_LLM_Learn_New_Language/FineTuning/Fine_Tuned_Results/olmo1B-v12'. Use `repo_type` argument if needed.

During handling of the above exception, another exception occurred:

Traceback (most recent call last):
  File "/scratch/jsong132/Can_LLM_Learn_New_Language/Evaluation/KLUE_DP/KLUE_DP_Full_eval.py", line 606, in <module>
    model, tokenizer = train_model(model_config)
                       ^^^^^^^^^^^^^^^^^^^^^^^^^
  File "/scratch/jsong132/Can_LLM_Learn_New_Language/Evaluation/KLUE_DP/KLUE_DP_Full_eval.py", line 378, in train_model
    model, tokenizer = load_model_and_tokenizer(model_config)
                       ^^^^^^^^^^^^^^^^^^^^^^^^^^^^^^^^^^^^^^
  File "/scratch/jsong132/Can_LLM_Learn_New_Language/Evaluation/KLUE_DP/KLUE_DP_Full_eval.py", line 180, in load_model_and_tokenizer
    tokenizer = AutoTokenizer.from_pretrained(
                ^^^^^^^^^^^^^^^^^^^^^^^^^^^^^^
  File "/scratch/jsong132/Can_LLM_Learn_New_Language/venv/lib64/python3.11/site-packages/transformers/models/auto/tokenization_auto.py", line 910, in from_pretrained
    tokenizer_config = get_tokenizer_config(pretrained_model_name_or_path, **kwargs)
                       ^^^^^^^^^^^^^^^^^^^^^^^^^^^^^^^^^^^^^^^^^^^^^^^^^^^^^^^^^^^^^
  File "/scratch/jsong132/Can_LLM_Learn_New_Language/venv/lib64/python3.11/site-packages/transformers/models/auto/tokenization_auto.py", line 742, in get_tokenizer_config
    resolved_config_file = cached_file(
                           ^^^^^^^^^^^^
  File "/scratch/jsong132/Can_LLM_Learn_New_Language/venv/lib64/python3.11/site-packages/transformers/utils/hub.py", line 266, in cached_file
    file = cached_files(path_or_repo_id=path_or_repo_id, filenames=[filename], **kwargs)
           ^^^^^^^^^^^^^^^^^^^^^^^^^^^^^^^^^^^^^^^^^^^^^^^^^^^^^^^^^^^^^^^^^^^^^^^^^^^^^
  File "/scratch/jsong132/Can_LLM_Learn_New_Language/venv/lib64/python3.11/site-packages/transformers/utils/hub.py", line 470, in cached_files
    resolved_files = [
                     ^
  File "/scratch/jsong132/Can_LLM_Learn_New_Language/venv/lib64/python3.11/site-packages/transformers/utils/hub.py", line 471, in <listcomp>
    _get_cache_file_to_return(path_or_repo_id, filename, cache_dir, revision) for filename in full_filenames
    ^^^^^^^^^^^^^^^^^^^^^^^^^^^^^^^^^^^^^^^^^^^^^^^^^^^^^^^^^^^^^^^^^^^^^^^^^
  File "/scratch/jsong132/Can_LLM_Learn_New_Language/venv/lib64/python3.11/site-packages/transformers/utils/hub.py", line 134, in _get_cache_file_to_return
    resolved_file = try_to_load_from_cache(path_or_repo_id, full_filename, cache_dir=cache_dir, revision=revision)
                    ^^^^^^^^^^^^^^^^^^^^^^^^^^^^^^^^^^^^^^^^^^^^^^^^^^^^^^^^^^^^^^^^^^^^^^^^^^^^^^^^^^^^^^^^^^^^^^
  File "/scratch/jsong132/Can_LLM_Learn_New_Language/venv/lib64/python3.11/site-packages/huggingface_hub/utils/_validators.py", line 106, in _inner_fn
    validate_repo_id(arg_value)
  File "/scratch/jsong132/Can_LLM_Learn_New_Language/venv/lib64/python3.11/site-packages/huggingface_hub/utils/_validators.py", line 154, in validate_repo_id
    raise HFValidationError(
huggingface_hub.errors.HFValidationError: Repo id must be in the form 'repo_name' or 'namespace/repo_name': '/scratch/jsong132/Can_LLM_Learn_New_Language/FineTuning/Fine_Tuned_Results/olmo1B-v12'. Use `repo_type` argument if needed.
2025-04-01 09:55:33,749 - __main__ - INFO - Processing model: full-OLMo-7b-v13
2025-04-01 09:55:33,749 - __main__ - INFO - Starting training for full-OLMo-7b-v13
2025-04-01 09:55:33,749 - __main__ - INFO - Dataset already exists: /scratch/jsong132/Can_LLM_Learn_New_Language/Evaluation/klue_all_tasks_json/klue_dp_train.json and /scratch/jsong132/Can_LLM_Learn_New_Language/Evaluation/klue_all_tasks_json/klue_dp_validation.json
2025-04-01 09:55:33,750 - __main__ - INFO - Load model: /scratch/jsong132/Can_LLM_Learn_New_Language/FineTuning/Fine_Tuned_Results/olmo7B-v13
2025-04-01 09:55:33,750 - __main__ - ERROR - Error processing full-OLMo-7b-v13: Repo id must be in the form 'repo_name' or 'namespace/repo_name': '/scratch/jsong132/Can_LLM_Learn_New_Language/FineTuning/Fine_Tuned_Results/olmo7B-v13'. Use `repo_type` argument if needed.
2025-04-01 09:55:33,750 - __main__ - ERROR - Exception details:
Traceback (most recent call last):
  File "/scratch/jsong132/Can_LLM_Learn_New_Language/venv/lib64/python3.11/site-packages/transformers/utils/hub.py", line 424, in cached_files
    hf_hub_download(
  File "/scratch/jsong132/Can_LLM_Learn_New_Language/venv/lib64/python3.11/site-packages/huggingface_hub/utils/_validators.py", line 106, in _inner_fn
    validate_repo_id(arg_value)
  File "/scratch/jsong132/Can_LLM_Learn_New_Language/venv/lib64/python3.11/site-packages/huggingface_hub/utils/_validators.py", line 154, in validate_repo_id
    raise HFValidationError(
huggingface_hub.errors.HFValidationError: Repo id must be in the form 'repo_name' or 'namespace/repo_name': '/scratch/jsong132/Can_LLM_Learn_New_Language/FineTuning/Fine_Tuned_Results/olmo7B-v13'. Use `repo_type` argument if needed.

During handling of the above exception, another exception occurred:

Traceback (most recent call last):
  File "/scratch/jsong132/Can_LLM_Learn_New_Language/Evaluation/KLUE_DP/KLUE_DP_Full_eval.py", line 606, in <module>
    model, tokenizer = train_model(model_config)
                       ^^^^^^^^^^^^^^^^^^^^^^^^^
  File "/scratch/jsong132/Can_LLM_Learn_New_Language/Evaluation/KLUE_DP/KLUE_DP_Full_eval.py", line 378, in train_model
    model, tokenizer = load_model_and_tokenizer(model_config)
                       ^^^^^^^^^^^^^^^^^^^^^^^^^^^^^^^^^^^^^^
  File "/scratch/jsong132/Can_LLM_Learn_New_Language/Evaluation/KLUE_DP/KLUE_DP_Full_eval.py", line 180, in load_model_and_tokenizer
    tokenizer = AutoTokenizer.from_pretrained(
                ^^^^^^^^^^^^^^^^^^^^^^^^^^^^^^
  File "/scratch/jsong132/Can_LLM_Learn_New_Language/venv/lib64/python3.11/site-packages/transformers/models/auto/tokenization_auto.py", line 910, in from_pretrained
    tokenizer_config = get_tokenizer_config(pretrained_model_name_or_path, **kwargs)
                       ^^^^^^^^^^^^^^^^^^^^^^^^^^^^^^^^^^^^^^^^^^^^^^^^^^^^^^^^^^^^^
  File "/scratch/jsong132/Can_LLM_Learn_New_Language/venv/lib64/python3.11/site-packages/transformers/models/auto/tokenization_auto.py", line 742, in get_tokenizer_config
    resolved_config_file = cached_file(
                           ^^^^^^^^^^^^
  File "/scratch/jsong132/Can_LLM_Learn_New_Language/venv/lib64/python3.11/site-packages/transformers/utils/hub.py", line 266, in cached_file
    file = cached_files(path_or_repo_id=path_or_repo_id, filenames=[filename], **kwargs)
           ^^^^^^^^^^^^^^^^^^^^^^^^^^^^^^^^^^^^^^^^^^^^^^^^^^^^^^^^^^^^^^^^^^^^^^^^^^^^^
  File "/scratch/jsong132/Can_LLM_Learn_New_Language/venv/lib64/python3.11/site-packages/transformers/utils/hub.py", line 470, in cached_files
    resolved_files = [
                     ^
  File "/scratch/jsong132/Can_LLM_Learn_New_Language/venv/lib64/python3.11/site-packages/transformers/utils/hub.py", line 471, in <listcomp>
    _get_cache_file_to_return(path_or_repo_id, filename, cache_dir, revision) for filename in full_filenames
    ^^^^^^^^^^^^^^^^^^^^^^^^^^^^^^^^^^^^^^^^^^^^^^^^^^^^^^^^^^^^^^^^^^^^^^^^^
  File "/scratch/jsong132/Can_LLM_Learn_New_Language/venv/lib64/python3.11/site-packages/transformers/utils/hub.py", line 134, in _get_cache_file_to_return
    resolved_file = try_to_load_from_cache(path_or_repo_id, full_filename, cache_dir=cache_dir, revision=revision)
                    ^^^^^^^^^^^^^^^^^^^^^^^^^^^^^^^^^^^^^^^^^^^^^^^^^^^^^^^^^^^^^^^^^^^^^^^^^^^^^^^^^^^^^^^^^^^^^^
  File "/scratch/jsong132/Can_LLM_Learn_New_Language/venv/lib64/python3.11/site-packages/huggingface_hub/utils/_validators.py", line 106, in _inner_fn
    validate_repo_id(arg_value)
  File "/scratch/jsong132/Can_LLM_Learn_New_Language/venv/lib64/python3.11/site-packages/huggingface_hub/utils/_validators.py", line 154, in validate_repo_id
    raise HFValidationError(
huggingface_hub.errors.HFValidationError: Repo id must be in the form 'repo_name' or 'namespace/repo_name': '/scratch/jsong132/Can_LLM_Learn_New_Language/FineTuning/Fine_Tuned_Results/olmo7B-v13'. Use `repo_type` argument if needed.
2025-04-01 09:55:33,754 - __main__ - INFO - Processing model: full-Llama-3.2:3B
2025-04-01 09:55:33,755 - __main__ - INFO - Starting training for full-Llama-3.2:3B
2025-04-01 09:55:33,755 - __main__ - INFO - Dataset already exists: /scratch/jsong132/Can_LLM_Learn_New_Language/Evaluation/klue_all_tasks_json/klue_dp_train.json and /scratch/jsong132/Can_LLM_Learn_New_Language/Evaluation/klue_all_tasks_json/klue_dp_validation.json
2025-04-01 09:55:33,755 - __main__ - INFO - Load model: /scratch/jsong132/Can_LLM_Learn_New_Language/llama3.2_3b
2025-04-01 09:55:35,818 - accelerate.utils.modeling - INFO - We will use 90% of the memory on device 0 for storing the model, and 10% for the buffer to avoid OOM. You can set `max_memory` in to a higher value to use more memory (at your own risk).
2025-04-01 09:55:36,933 - __main__ - INFO - Loading train and validation datasets
2025-04-01 09:55:36,934 - __main__ - INFO - Loading DP dataset from /scratch/jsong132/Can_LLM_Learn_New_Language/Evaluation/klue_all_tasks_json/klue_dp_train.json
2025-04-01 09:55:37,372 - __main__ - INFO - Loaded 10000 samples for dependency parsing
2025-04-01 09:55:37,373 - __main__ - INFO - Loading DP dataset from /scratch/jsong132/Can_LLM_Learn_New_Language/Evaluation/klue_all_tasks_json/klue_dp_validation.json
2025-04-01 09:55:37,403 - __main__ - INFO - Loaded 2000 samples for dependency parsing
2025-04-01 09:55:37,404 - __main__ - INFO - Train dataset size: 10000, Validation dataset size: 2000
2025-04-01 09:55:37,425 - __main__ - INFO - Initializing trainer
2025-04-01 09:55:37,441 - accelerate.utils.other - WARNING - Detected kernel version 4.18.0, which is below the recommended minimum of 5.5.0; this can cause the process to hang. It is recommended to upgrade the kernel to the minimum version or higher.
2025-04-01 09:55:37,447 - __main__ - INFO - Starting training
2025-04-01 09:56:33,054 - __main__ - INFO - Total number of KLUE-DP labels: 64
2025-04-01 09:56:33,055 - __main__ - INFO - Starting KLUE-DP training and evaluation
2025-04-01 09:56:33,055 - __main__ - INFO - Processing model: full-OLMo-1b-org
2025-04-01 09:56:33,056 - __main__ - INFO - Starting training for full-OLMo-1b-org
2025-04-01 09:56:33,057 - __main__ - INFO - Dataset already exists: /scratch/jsong132/Can_LLM_Learn_New_Language/Evaluation/klue_all_tasks_json/klue_dp_train.json and /scratch/jsong132/Can_LLM_Learn_New_Language/Evaluation/klue_all_tasks_json/klue_dp_validation.json
2025-04-01 09:56:33,058 - __main__ - INFO - Load model: allenai/OLMo-1B
2025-04-01 09:56:41,701 - accelerate.utils.modeling - INFO - We will use 90% of the memory on device 0 for storing the model, and 10% for the buffer to avoid OOM. You can set `max_memory` in to a higher value to use more memory (at your own risk).
2025-04-01 09:56:41,705 - accelerate.utils.modeling - WARNING - The model weights are not tied. Please use the `tie_weights` method before using the `infer_auto_device` function.
2025-04-01 09:56:43,996 - __main__ - INFO - Loading train and validation datasets
2025-04-01 09:56:43,999 - __main__ - INFO - Loading DP dataset from /scratch/jsong132/Can_LLM_Learn_New_Language/Evaluation/klue_all_tasks_json/klue_dp_train.json
2025-04-01 09:56:44,271 - __main__ - INFO - Loaded 10000 samples for dependency parsing
2025-04-01 09:56:44,272 - __main__ - INFO - Loading DP dataset from /scratch/jsong132/Can_LLM_Learn_New_Language/Evaluation/klue_all_tasks_json/klue_dp_validation.json
2025-04-01 09:56:44,613 - __main__ - INFO - Loaded 2000 samples for dependency parsing
2025-04-01 09:56:44,629 - __main__ - INFO - Train dataset size: 10000, Validation dataset size: 2000
2025-04-01 09:56:44,673 - __main__ - INFO - Initializing trainer
2025-04-01 09:56:44,697 - accelerate.utils.other - WARNING - Detected kernel version 4.18.0, which is below the recommended minimum of 5.5.0; this can cause the process to hang. It is recommended to upgrade the kernel to the minimum version or higher.
2025-04-01 09:56:44,702 - __main__ - INFO - Starting training
2025-04-01 09:57:21,873 - __main__ - INFO - Total number of KLUE-DP labels: 64
2025-04-01 09:57:21,874 - __main__ - INFO - Starting KLUE-DP training and evaluation
2025-04-01 09:57:21,874 - __main__ - INFO - Processing model: full-OLMo-1b-v12
2025-04-01 09:57:21,875 - __main__ - INFO - Starting training for full-OLMo-1b-v12
2025-04-01 09:57:21,876 - __main__ - INFO - Dataset already exists: /scratch/jsong132/Can_LLM_Learn_New_Language/Evaluation/klue_all_tasks_json/klue_dp_train.json and /scratch/jsong132/Can_LLM_Learn_New_Language/Evaluation/klue_all_tasks_json/klue_dp_validation.json
2025-04-01 09:57:21,876 - __main__ - INFO - Load model: /scratch/jsong132/Can_LLM_Learn_New_Language/FineTuning/Fine_Tuned_Results/olmo1B-v12
2025-04-01 09:57:21,876 - __main__ - ERROR - Error processing full-OLMo-1b-v12: Repo id must be in the form 'repo_name' or 'namespace/repo_name': '/scratch/jsong132/Can_LLM_Learn_New_Language/FineTuning/Fine_Tuned_Results/olmo1B-v12'. Use `repo_type` argument if needed.
2025-04-01 09:57:21,877 - __main__ - ERROR - Exception details:
Traceback (most recent call last):
  File "/scratch/jsong132/Can_LLM_Learn_New_Language/venv/lib64/python3.11/site-packages/transformers/utils/hub.py", line 424, in cached_files
    hf_hub_download(
  File "/scratch/jsong132/Can_LLM_Learn_New_Language/venv/lib64/python3.11/site-packages/huggingface_hub/utils/_validators.py", line 106, in _inner_fn
    validate_repo_id(arg_value)
  File "/scratch/jsong132/Can_LLM_Learn_New_Language/venv/lib64/python3.11/site-packages/huggingface_hub/utils/_validators.py", line 154, in validate_repo_id
    raise HFValidationError(
huggingface_hub.errors.HFValidationError: Repo id must be in the form 'repo_name' or 'namespace/repo_name': '/scratch/jsong132/Can_LLM_Learn_New_Language/FineTuning/Fine_Tuned_Results/olmo1B-v12'. Use `repo_type` argument if needed.

During handling of the above exception, another exception occurred:

Traceback (most recent call last):
  File "/scratch/jsong132/Can_LLM_Learn_New_Language/Evaluation/KLUE_DP/KLUE_DP_Full_eval.py", line 606, in <module>
    model, tokenizer = train_model(model_config)
                       ^^^^^^^^^^^^^^^^^^^^^^^^^
  File "/scratch/jsong132/Can_LLM_Learn_New_Language/Evaluation/KLUE_DP/KLUE_DP_Full_eval.py", line 378, in train_model
    model, tokenizer = load_model_and_tokenizer(model_config)
                       ^^^^^^^^^^^^^^^^^^^^^^^^^^^^^^^^^^^^^^
  File "/scratch/jsong132/Can_LLM_Learn_New_Language/Evaluation/KLUE_DP/KLUE_DP_Full_eval.py", line 180, in load_model_and_tokenizer
    tokenizer = AutoTokenizer.from_pretrained(
                ^^^^^^^^^^^^^^^^^^^^^^^^^^^^^^
  File "/scratch/jsong132/Can_LLM_Learn_New_Language/venv/lib64/python3.11/site-packages/transformers/models/auto/tokenization_auto.py", line 910, in from_pretrained
    tokenizer_config = get_tokenizer_config(pretrained_model_name_or_path, **kwargs)
                       ^^^^^^^^^^^^^^^^^^^^^^^^^^^^^^^^^^^^^^^^^^^^^^^^^^^^^^^^^^^^^
  File "/scratch/jsong132/Can_LLM_Learn_New_Language/venv/lib64/python3.11/site-packages/transformers/models/auto/tokenization_auto.py", line 742, in get_tokenizer_config
    resolved_config_file = cached_file(
                           ^^^^^^^^^^^^
  File "/scratch/jsong132/Can_LLM_Learn_New_Language/venv/lib64/python3.11/site-packages/transformers/utils/hub.py", line 266, in cached_file
    file = cached_files(path_or_repo_id=path_or_repo_id, filenames=[filename], **kwargs)
           ^^^^^^^^^^^^^^^^^^^^^^^^^^^^^^^^^^^^^^^^^^^^^^^^^^^^^^^^^^^^^^^^^^^^^^^^^^^^^
  File "/scratch/jsong132/Can_LLM_Learn_New_Language/venv/lib64/python3.11/site-packages/transformers/utils/hub.py", line 470, in cached_files
    resolved_files = [
                     ^
  File "/scratch/jsong132/Can_LLM_Learn_New_Language/venv/lib64/python3.11/site-packages/transformers/utils/hub.py", line 471, in <listcomp>
    _get_cache_file_to_return(path_or_repo_id, filename, cache_dir, revision) for filename in full_filenames
    ^^^^^^^^^^^^^^^^^^^^^^^^^^^^^^^^^^^^^^^^^^^^^^^^^^^^^^^^^^^^^^^^^^^^^^^^^
  File "/scratch/jsong132/Can_LLM_Learn_New_Language/venv/lib64/python3.11/site-packages/transformers/utils/hub.py", line 134, in _get_cache_file_to_return
    resolved_file = try_to_load_from_cache(path_or_repo_id, full_filename, cache_dir=cache_dir, revision=revision)
                    ^^^^^^^^^^^^^^^^^^^^^^^^^^^^^^^^^^^^^^^^^^^^^^^^^^^^^^^^^^^^^^^^^^^^^^^^^^^^^^^^^^^^^^^^^^^^^^
  File "/scratch/jsong132/Can_LLM_Learn_New_Language/venv/lib64/python3.11/site-packages/huggingface_hub/utils/_validators.py", line 106, in _inner_fn
    validate_repo_id(arg_value)
  File "/scratch/jsong132/Can_LLM_Learn_New_Language/venv/lib64/python3.11/site-packages/huggingface_hub/utils/_validators.py", line 154, in validate_repo_id
    raise HFValidationError(
huggingface_hub.errors.HFValidationError: Repo id must be in the form 'repo_name' or 'namespace/repo_name': '/scratch/jsong132/Can_LLM_Learn_New_Language/FineTuning/Fine_Tuned_Results/olmo1B-v12'. Use `repo_type` argument if needed.
2025-04-01 09:57:21,886 - __main__ - INFO - Processing model: full-OLMo-7b-v13
2025-04-01 09:57:21,886 - __main__ - INFO - Starting training for full-OLMo-7b-v13
2025-04-01 09:57:21,887 - __main__ - INFO - Dataset already exists: /scratch/jsong132/Can_LLM_Learn_New_Language/Evaluation/klue_all_tasks_json/klue_dp_train.json and /scratch/jsong132/Can_LLM_Learn_New_Language/Evaluation/klue_all_tasks_json/klue_dp_validation.json
2025-04-01 09:57:21,887 - __main__ - INFO - Load model: /scratch/jsong132/Can_LLM_Learn_New_Language/FineTuning/Fine_Tuned_Results/olmo7B-v13
2025-04-01 09:57:21,888 - __main__ - ERROR - Error processing full-OLMo-7b-v13: Repo id must be in the form 'repo_name' or 'namespace/repo_name': '/scratch/jsong132/Can_LLM_Learn_New_Language/FineTuning/Fine_Tuned_Results/olmo7B-v13'. Use `repo_type` argument if needed.
2025-04-01 09:57:21,888 - __main__ - ERROR - Exception details:
Traceback (most recent call last):
  File "/scratch/jsong132/Can_LLM_Learn_New_Language/venv/lib64/python3.11/site-packages/transformers/utils/hub.py", line 424, in cached_files
    hf_hub_download(
  File "/scratch/jsong132/Can_LLM_Learn_New_Language/venv/lib64/python3.11/site-packages/huggingface_hub/utils/_validators.py", line 106, in _inner_fn
    validate_repo_id(arg_value)
  File "/scratch/jsong132/Can_LLM_Learn_New_Language/venv/lib64/python3.11/site-packages/huggingface_hub/utils/_validators.py", line 154, in validate_repo_id
    raise HFValidationError(
huggingface_hub.errors.HFValidationError: Repo id must be in the form 'repo_name' or 'namespace/repo_name': '/scratch/jsong132/Can_LLM_Learn_New_Language/FineTuning/Fine_Tuned_Results/olmo7B-v13'. Use `repo_type` argument if needed.

During handling of the above exception, another exception occurred:

Traceback (most recent call last):
  File "/scratch/jsong132/Can_LLM_Learn_New_Language/Evaluation/KLUE_DP/KLUE_DP_Full_eval.py", line 606, in <module>
    model, tokenizer = train_model(model_config)
                       ^^^^^^^^^^^^^^^^^^^^^^^^^
  File "/scratch/jsong132/Can_LLM_Learn_New_Language/Evaluation/KLUE_DP/KLUE_DP_Full_eval.py", line 378, in train_model
    model, tokenizer = load_model_and_tokenizer(model_config)
                       ^^^^^^^^^^^^^^^^^^^^^^^^^^^^^^^^^^^^^^
  File "/scratch/jsong132/Can_LLM_Learn_New_Language/Evaluation/KLUE_DP/KLUE_DP_Full_eval.py", line 180, in load_model_and_tokenizer
    tokenizer = AutoTokenizer.from_pretrained(
                ^^^^^^^^^^^^^^^^^^^^^^^^^^^^^^
  File "/scratch/jsong132/Can_LLM_Learn_New_Language/venv/lib64/python3.11/site-packages/transformers/models/auto/tokenization_auto.py", line 910, in from_pretrained
    tokenizer_config = get_tokenizer_config(pretrained_model_name_or_path, **kwargs)
                       ^^^^^^^^^^^^^^^^^^^^^^^^^^^^^^^^^^^^^^^^^^^^^^^^^^^^^^^^^^^^^
  File "/scratch/jsong132/Can_LLM_Learn_New_Language/venv/lib64/python3.11/site-packages/transformers/models/auto/tokenization_auto.py", line 742, in get_tokenizer_config
    resolved_config_file = cached_file(
                           ^^^^^^^^^^^^
  File "/scratch/jsong132/Can_LLM_Learn_New_Language/venv/lib64/python3.11/site-packages/transformers/utils/hub.py", line 266, in cached_file
    file = cached_files(path_or_repo_id=path_or_repo_id, filenames=[filename], **kwargs)
           ^^^^^^^^^^^^^^^^^^^^^^^^^^^^^^^^^^^^^^^^^^^^^^^^^^^^^^^^^^^^^^^^^^^^^^^^^^^^^
  File "/scratch/jsong132/Can_LLM_Learn_New_Language/venv/lib64/python3.11/site-packages/transformers/utils/hub.py", line 470, in cached_files
    resolved_files = [
                     ^
  File "/scratch/jsong132/Can_LLM_Learn_New_Language/venv/lib64/python3.11/site-packages/transformers/utils/hub.py", line 471, in <listcomp>
    _get_cache_file_to_return(path_or_repo_id, filename, cache_dir, revision) for filename in full_filenames
    ^^^^^^^^^^^^^^^^^^^^^^^^^^^^^^^^^^^^^^^^^^^^^^^^^^^^^^^^^^^^^^^^^^^^^^^^^
  File "/scratch/jsong132/Can_LLM_Learn_New_Language/venv/lib64/python3.11/site-packages/transformers/utils/hub.py", line 134, in _get_cache_file_to_return
    resolved_file = try_to_load_from_cache(path_or_repo_id, full_filename, cache_dir=cache_dir, revision=revision)
                    ^^^^^^^^^^^^^^^^^^^^^^^^^^^^^^^^^^^^^^^^^^^^^^^^^^^^^^^^^^^^^^^^^^^^^^^^^^^^^^^^^^^^^^^^^^^^^^
  File "/scratch/jsong132/Can_LLM_Learn_New_Language/venv/lib64/python3.11/site-packages/huggingface_hub/utils/_validators.py", line 106, in _inner_fn
    validate_repo_id(arg_value)
  File "/scratch/jsong132/Can_LLM_Learn_New_Language/venv/lib64/python3.11/site-packages/huggingface_hub/utils/_validators.py", line 154, in validate_repo_id
    raise HFValidationError(
huggingface_hub.errors.HFValidationError: Repo id must be in the form 'repo_name' or 'namespace/repo_name': '/scratch/jsong132/Can_LLM_Learn_New_Language/FineTuning/Fine_Tuned_Results/olmo7B-v13'. Use `repo_type` argument if needed.
2025-04-01 09:57:21,890 - __main__ - INFO - Processing model: full-Llama-3.2:3B
2025-04-01 09:57:21,891 - __main__ - INFO - Starting training for full-Llama-3.2:3B
2025-04-01 09:57:21,891 - __main__ - INFO - Dataset already exists: /scratch/jsong132/Can_LLM_Learn_New_Language/Evaluation/klue_all_tasks_json/klue_dp_train.json and /scratch/jsong132/Can_LLM_Learn_New_Language/Evaluation/klue_all_tasks_json/klue_dp_validation.json
2025-04-01 09:57:21,892 - __main__ - INFO - Load model: /scratch/jsong132/Can_LLM_Learn_New_Language/llama3.2_3b
2025-04-01 09:57:23,373 - accelerate.utils.modeling - INFO - We will use 90% of the memory on device 0 for storing the model, and 10% for the buffer to avoid OOM. You can set `max_memory` in to a higher value to use more memory (at your own risk).
2025-04-01 09:57:24,488 - __main__ - INFO - Loading train and validation datasets
2025-04-01 09:57:24,493 - __main__ - INFO - Loading DP dataset from /scratch/jsong132/Can_LLM_Learn_New_Language/Evaluation/klue_all_tasks_json/klue_dp_train.json
2025-04-01 09:57:24,690 - __main__ - INFO - Loaded 10000 samples for dependency parsing
2025-04-01 09:57:24,691 - __main__ - INFO - Loading DP dataset from /scratch/jsong132/Can_LLM_Learn_New_Language/Evaluation/klue_all_tasks_json/klue_dp_validation.json
2025-04-01 09:57:24,728 - __main__ - INFO - Loaded 2000 samples for dependency parsing
2025-04-01 09:57:24,728 - __main__ - INFO - Train dataset size: 10000, Validation dataset size: 2000
2025-04-01 09:57:24,768 - __main__ - INFO - Initializing trainer
2025-04-01 09:57:24,838 - accelerate.utils.other - WARNING - Detected kernel version 4.18.0, which is below the recommended minimum of 5.5.0; this can cause the process to hang. It is recommended to upgrade the kernel to the minimum version or higher.
2025-04-01 09:57:24,847 - __main__ - INFO - Starting training
2025-04-01 11:03:41,592 - __main__ - INFO - Saving final model to: klue_dp_results/full-llama3.2-3b-klue-dp/final
2025-04-01 11:03:52,458 - __main__ - INFO - Training completed for full-Llama-3.2:3B
2025-04-01 11:03:52,479 - __main__ - INFO - Evaluating model: full-Llama-3.2:3B
